2025-04-04 04:16:21.854845 - Received CBT.V508.FILE1051.PDS from FILE1051.XMI 
2025-04-04 04:16:21.856838 - Found $$$#DATE.txt (text/plain) in CBT.V508.FILE1051.PDS, moved to PDS/$$$#DATE
2025-04-04 04:16:21.857005 - Found $$$INDEX.txt (text/plain) in CBT.V508.FILE1051.PDS, moved to PDS/$$$INDEX
2025-04-04 04:16:21.857178 - Found $$DOC.txt (text/plain) in CBT.V508.FILE1051.PDS, moved to PDS/$$DOC
2025-04-04 04:16:21.857300 - Found $$DOC2.txt (text/plain) in CBT.V508.FILE1051.PDS, moved to PDS/$$DOC2
2025-04-04 04:16:21.857427 - Found $$NOTE01.txt (text/plain) in CBT.V508.FILE1051.PDS, moved to PDS/$$NOTE01
2025-04-04 04:16:21.857539 - Found $$README.txt (text/plain) in CBT.V508.FILE1051.PDS, moved to PDS/$$README
2025-04-04 04:16:21.857656 - Found $ALLOC.jcl (text/plain) in CBT.V508.FILE1051.PDS, moved to PDS/$ALLOC
2025-04-04 04:16:21.857768 - Found $COMMAND.txt (text/plain) in CBT.V508.FILE1051.PDS, moved to PDS/$COMMAND
2025-04-04 04:16:21.857877 - Found $INSTALL.txt (text/plain) in CBT.V508.FILE1051.PDS, moved to PDS/$INSTALL
2025-04-04 04:16:21.857988 - Found $LINK.jcl (text/plain) in CBT.V508.FILE1051.PDS, moved to PDS/$LINK
2025-04-04 04:16:21.858103 - Found $MVC.txt (text/plain) in CBT.V508.FILE1051.PDS, moved to PDS/$MVC
2025-04-04 04:16:21.858214 - Found $NI.txt (text/plain) in CBT.V508.FILE1051.PDS, moved to PDS/$NI
2025-04-04 04:16:21.858321 - Found $OI.txt (text/plain) in CBT.V508.FILE1051.PDS, moved to PDS/$OI
2025-04-04 04:16:21.858440 - Found $OPTIONS.txt (text/plain) in CBT.V508.FILE1051.PDS, moved to PDS/$OPTIONS
2025-04-04 04:16:21.858555 - Found $RACF.jcl (text/plain) in CBT.V508.FILE1051.PDS, moved to PDS/$RACF
2025-04-04 04:16:21.858672 - Found $SHUTDWN.txt (text/plain) in CBT.V508.FILE1051.PDS, moved to PDS/$SHUTDWN
2025-04-04 04:16:21.858802 - Found $ST.txt (text/plain) in CBT.V508.FILE1051.PDS, moved to PDS/$ST
2025-04-04 04:16:21.858920 - Found $XC.txt (text/plain) in CBT.V508.FILE1051.PDS, moved to PDS/$XC
2025-04-04 04:16:21.859084 - Found @FIL1051.txt (text/plain) in CBT.V508.FILE1051.PDS, moved to PDS/@FIL1051
2025-04-04 04:16:21.859227 - Found EMFCMD.txt (text/plain) in CBT.V508.FILE1051.PDS, moved to PDS/EMFCMD
2025-04-04 04:16:21.859411 - Found EMFCSM.txt (text/plain) in CBT.V508.FILE1051.PDS, moved to PDS/EMFCSM
2025-04-04 04:16:21.859525 - Found EMFEOM.txt (text/plain) in CBT.V508.FILE1051.PDS, moved to PDS/EMFEOM
2025-04-04 04:16:21.859689 - Found EMFFRR.txt (text/plain) in CBT.V508.FILE1051.PDS, moved to PDS/EMFFRR
2025-04-04 04:16:21.859872 - Found EMFINI.txt (text/plain) in CBT.V508.FILE1051.PDS, moved to PDS/EMFINI
2025-04-04 04:16:21.860048 - Found EMFJNI.txt (text/plain) in CBT.V508.FILE1051.PDS, moved to PDS/EMFJNI
2025-04-04 04:16:21.860192 - Found EMFMSG.txt (text/plain) in CBT.V508.FILE1051.PDS, moved to PDS/EMFMSG
2025-04-04 04:16:21.860344 - Found EMFPAR.txt (text/plain) in CBT.V508.FILE1051.PDS, moved to PDS/EMFPAR
2025-04-04 04:16:21.860519 - Found EMFRTM.txt (text/plain) in CBT.V508.FILE1051.PDS, moved to PDS/EMFRTM
2025-04-04 04:16:21.860638 - Found EMFSRV.txt (text/plain) in CBT.V508.FILE1051.PDS, moved to PDS/EMFSRV
2025-04-04 04:16:21.860765 - Found EMFTST.txt (text/plain) in CBT.V508.FILE1051.PDS, moved to PDS/EMFTST
2025-04-04 04:16:21.860920 - Found EMFXIT.txt (text/plain) in CBT.V508.FILE1051.PDS, moved to PDS/EMFXIT
2025-04-04 04:16:21.861053 - Found IEFACTRT.txt (text/plain) in CBT.V508.FILE1051.PDS, moved to PDS/IEFACTRT
2025-04-04 04:16:21.861171 - Found IEFUJI.txt (text/plain) in CBT.V508.FILE1051.PDS, moved to PDS/IEFUJI
2025-04-04 04:16:21.861288 - Found IEFUJP.txt (text/plain) in CBT.V508.FILE1051.PDS, moved to PDS/IEFUJP
2025-04-04 04:16:21.861398 - Found IEFUJV.txt (text/plain) in CBT.V508.FILE1051.PDS, moved to PDS/IEFUJV
2025-04-04 04:16:21.861516 - Found IEFUSI.txt (text/plain) in CBT.V508.FILE1051.PDS, moved to PDS/IEFUSI
2025-04-04 04:16:21.861632 - Found IEFUSO.txt (text/plain) in CBT.V508.FILE1051.PDS, moved to PDS/IEFUSO
2025-04-04 04:16:21.861784 - Found IEFUTL.txt (text/plain) in CBT.V508.FILE1051.PDS, moved to PDS/IEFUTL
2025-04-04 04:16:21.861917 - Found IEFU29.txt (text/plain) in CBT.V508.FILE1051.PDS, moved to PDS/IEFU29
2025-04-04 04:16:21.862032 - Found IEFU29L.txt (text/plain) in CBT.V508.FILE1051.PDS, moved to PDS/IEFU29L
2025-04-04 04:16:21.862158 - Found IEFU83.txt (text/plain) in CBT.V508.FILE1051.PDS, moved to PDS/IEFU83
2025-04-04 04:16:21.862294 - Found IEFU84.txt (text/plain) in CBT.V508.FILE1051.PDS, moved to PDS/IEFU84
2025-04-04 04:16:21.862404 - Found IEFU85.txt (text/plain) in CBT.V508.FILE1051.PDS, moved to PDS/IEFU85
2025-04-04 04:16:21.862513 - Found IEFU86.txt (text/plain) in CBT.V508.FILE1051.PDS, moved to PDS/IEFU86
2025-04-04 04:16:21.862630 - Found ZCALL.txt (text/plain) in CBT.V508.FILE1051.PDS, moved to PDS/ZCALL
2025-04-04 04:16:21.862787 - Found ZEMFMSTR.txt (text/plain) in CBT.V508.FILE1051.PDS, moved to PDS/ZEMFMSTR
2025-04-04 04:16:21.862960 - Found ZEMFMS99.txt (text/plain) in CBT.V508.FILE1051.PDS, moved to PDS/ZEMFMS99
2025-04-04 04:16:21.863095 - Found ZEVT.txt (text/plain) in CBT.V508.FILE1051.PDS, moved to PDS/ZEVT
2025-04-04 04:16:21.863221 - Found ZGBLS.txt (text/plain) in CBT.V508.FILE1051.PDS, moved to PDS/ZGBLS
2025-04-04 04:16:21.863375 - Found ZMACS.txt (text/plain) in CBT.V508.FILE1051.PDS, moved to PDS/ZMACS
2025-04-04 04:16:21.863491 - Found ZRETRY.txt (text/plain) in CBT.V508.FILE1051.PDS, moved to PDS/ZRETRY
2025-04-04 04:16:21.863600 - Found ZTABS.txt (text/plain) in CBT.V508.FILE1051.PDS, moved to PDS/ZTABS
2025-04-04 04:16:21.863711 - Found ZTRCE.txt (text/plain) in CBT.V508.FILE1051.PDS, moved to PDS/ZTRCE
2025-04-04 04:16:21.863819 - Found ZWTO.txt (text/plain) in CBT.V508.FILE1051.PDS, moved to PDS/ZWTO
